<?xml version="1.0" encoding="UTF-8"?>
<!-- Generated by org.testng.reporters.JUnitXMLReporter -->
<testsuite ignored="0" hostname="DESKTOP-ST8DS5J" failures="1" tests="1" name="Test" time="9.598" errors="0" timestamp="2023-03-28T16:24:03 IST">
  <testcase classname="admin_Module.CreateAdminLogout" name="createadminLogout" time="2.323">
    <failure type="java.lang.AssertionError" message="null">
      <![CDATA[java.lang.AssertionError: null
at admin_Module.CreateAdminLogout.createadminLogout(CreateAdminLogout.java:73)
at java.base/java.util.ArrayList.forEach(ArrayList.java:1511)
... Removed 29 stack frames]]>
    </failure>
  </testcase> <!-- createadminLogout -->
</testsuite> <!-- Test -->
